2023-06-02 11:27:48.6341|INFO|Microsoft.AspNetCore.DataProtection.KeyManagement.XmlKeyManager|User profile is available. Using 'C:\Users\ewalsh\AppData\Local\ASP.NET\DataProtection-Keys' as key repository and Windows DPAPI to encrypt keys at rest. 
2023-06-02 11:27:51.3463|INFO|Microsoft.EntityFrameworkCore.Database.Command|Executed DbCommand (27ms) [Parameters=[], CommandType='Text', CommandTimeout='30']
SELECT 1 
2023-06-02 11:27:51.3857|INFO|Microsoft.EntityFrameworkCore.Database.Command|Executed DbCommand (21ms) [Parameters=[], CommandType='Text', CommandTimeout='30']
SELECT OBJECT_ID(N'[__EFMigrationsHistory]'); 
2023-06-02 11:27:51.3857|INFO|Microsoft.EntityFrameworkCore.Database.Command|Executed DbCommand (1ms) [Parameters=[], CommandType='Text', CommandTimeout='30']
SELECT 1 
2023-06-02 11:27:51.3857|INFO|Microsoft.EntityFrameworkCore.Database.Command|Executed DbCommand (0ms) [Parameters=[], CommandType='Text', CommandTimeout='30']
SELECT OBJECT_ID(N'[__EFMigrationsHistory]'); 
2023-06-02 11:27:51.4142|INFO|Microsoft.EntityFrameworkCore.Database.Command|Executed DbCommand (3ms) [Parameters=[], CommandType='Text', CommandTimeout='30']
SELECT [MigrationId], [ProductVersion]
FROM [__EFMigrationsHistory]
ORDER BY [MigrationId]; 
2023-06-02 11:27:51.4334|INFO|Microsoft.EntityFrameworkCore.Migrations|No migrations were applied. The database is already up to date. 
2023-06-02 11:27:51.6109|INFO|Microsoft.Hosting.Lifetime|Now listening on: https://localhost:7215 
2023-06-02 11:27:51.6109|INFO|Microsoft.Hosting.Lifetime|Now listening on: http://localhost:5176 
2023-06-02 11:27:51.6109|INFO|Microsoft.Hosting.Lifetime|Application started. Press Ctrl+C to shut down. 
2023-06-02 11:27:51.6109|INFO|Microsoft.Hosting.Lifetime|Hosting environment: Development 
2023-06-02 11:27:51.6109|INFO|Microsoft.Hosting.Lifetime|Content root path: C:\Users\ewalsh\source\repos\Lunch Tinder\Lunch Tinder\Lunch Tinder\ 
2023-06-02 11:27:52.3154|INFO|Microsoft.AspNetCore.Hosting.Diagnostics|Request starting HTTP/2 GET https://localhost:7215/ - - 
2023-06-02 11:27:52.4102|INFO|Microsoft.AspNetCore.Authentication.Cookies.CookieAuthenticationHandler|Cookies was not authenticated. Failure message: Ticket expired 
2023-06-02 11:27:52.4102|INFO|Microsoft.AspNetCore.Routing.EndpointMiddleware|Executing endpoint 'Lunch_Tinder.Controllers.UserController.Login (Lunch Tinder)' 
2023-06-02 11:27:52.4243|INFO|Microsoft.AspNetCore.Mvc.Infrastructure.ControllerActionInvoker|Route matched with {action = "Login", controller = "User"}. Executing controller action with signature Microsoft.AspNetCore.Mvc.ActionResult Login() on controller Lunch_Tinder.Controllers.UserController (Lunch Tinder). 
2023-06-02 11:27:52.4362|INFO|Microsoft.AspNetCore.Mvc.ViewFeatures.ViewResultExecutor|Executing ViewResult, running view Login. 
2023-06-02 11:27:52.5877|INFO|Microsoft.AspNetCore.Mvc.ViewFeatures.ViewResultExecutor|Executed ViewResult - view Login executed in 151.3117ms. 
2023-06-02 11:27:52.5877|INFO|Microsoft.AspNetCore.Mvc.Infrastructure.ControllerActionInvoker|Executed action Lunch_Tinder.Controllers.UserController.Login (Lunch Tinder) in 167.2009ms 
2023-06-02 11:27:52.5877|INFO|Microsoft.AspNetCore.Routing.EndpointMiddleware|Executed endpoint 'Lunch_Tinder.Controllers.UserController.Login (Lunch Tinder)' 
2023-06-02 11:27:52.6313|INFO|Microsoft.AspNetCore.Hosting.Diagnostics|Request starting HTTP/2 GET https://localhost:7215/_framework/aspnetcore-browser-refresh.js - - 
2023-06-02 11:27:52.6313|INFO|Microsoft.AspNetCore.Hosting.Diagnostics|Request starting HTTP/2 GET https://localhost:7215/css/login.css?v=M2kpkGE4Oj8lEA_ooD7bpSmFwqlhTeuCBli-8uJQ9_c - - 
2023-06-02 11:27:52.6368|INFO|Microsoft.AspNetCore.Hosting.Diagnostics|Request finished HTTP/2 GET https://localhost:7215/_framework/aspnetcore-browser-refresh.js - - - 200 11994 application/javascript;+charset=utf-8 5.1512ms 
2023-06-02 11:27:52.6368|INFO|Microsoft.AspNetCore.Hosting.Diagnostics|Request finished HTTP/2 GET https://localhost:7215/ - - - 200 - text/html;+charset=utf-8 325.1330ms 
2023-06-02 11:27:52.6368|INFO|Microsoft.AspNetCore.StaticFiles.StaticFileMiddleware|The file /css/login.css was not modified 
2023-06-02 11:27:52.6368|INFO|Microsoft.AspNetCore.Hosting.Diagnostics|Request finished HTTP/2 GET https://localhost:7215/css/login.css?v=M2kpkGE4Oj8lEA_ooD7bpSmFwqlhTeuCBli-8uJQ9_c - - - 304 - text/css 6.7312ms 
2023-06-02 11:27:52.6368|INFO|Microsoft.AspNetCore.Hosting.Diagnostics|Request starting HTTP/2 GET https://localhost:7215/_vs/browserLink - - 
2023-06-02 11:27:52.6590|INFO|Microsoft.AspNetCore.Hosting.Diagnostics|Request finished HTTP/2 GET https://localhost:7215/_vs/browserLink - - - 200 - text/javascript;+charset=UTF-8 13.6579ms 
2023-06-02 11:28:01.7472|INFO|Microsoft.AspNetCore.Hosting.Diagnostics|Request starting HTTP/2 POST https://localhost:7215/ application/x-www-form-urlencoded 248 
2023-06-02 11:28:01.7472|INFO|Microsoft.AspNetCore.Authentication.Cookies.CookieAuthenticationHandler|Cookies was not authenticated. Failure message: Ticket expired 
2023-06-02 11:28:01.7472|INFO|Microsoft.AspNetCore.Routing.EndpointMiddleware|Executing endpoint 'Lunch_Tinder.Controllers.UserController.Login (Lunch Tinder)' 
2023-06-02 11:28:01.7617|INFO|Microsoft.AspNetCore.Mvc.Infrastructure.ControllerActionInvoker|Route matched with {action = "Login", controller = "User"}. Executing controller action with signature System.Threading.Tasks.Task`1[Microsoft.AspNetCore.Mvc.IActionResult] Login(Lunch_Tinder.ViewModels.VMLogin) on controller Lunch_Tinder.Controllers.UserController (Lunch Tinder). 
2023-06-02 11:28:02.0197|INFO|Microsoft.EntityFrameworkCore.Database.Command|Executed DbCommand (2ms) [Parameters=[], CommandType='Text', CommandTimeout='30']
SELECT [u].[UserId], [u].[EmailAddress], [u].[LunchGroupsGroupId], [u].[Password], [u].[UserName], [u].[UserType]
FROM [Users] AS [u] 
2023-06-02 11:28:02.1982|INFO|Microsoft.EntityFrameworkCore.Database.Command|Executed DbCommand (0ms) [Parameters=[], CommandType='Text', CommandTimeout='30']
SELECT [u].[UserId], [u].[EmailAddress], [u].[LunchGroupsGroupId], [u].[Password], [u].[UserName], [u].[UserType]
FROM [Users] AS [u] 
2023-06-02 11:28:02.3462|INFO|Microsoft.AspNetCore.Authentication.Cookies.CookieAuthenticationHandler|AuthenticationScheme: Cookies signed in. 
2023-06-02 11:28:02.3462|INFO|Microsoft.AspNetCore.Mvc.RedirectToActionResult|Executing RedirectResult, redirecting to /LGU/Index. 
2023-06-02 11:28:02.3462|INFO|Microsoft.AspNetCore.Mvc.Infrastructure.ControllerActionInvoker|Executed action Lunch_Tinder.Controllers.UserController.Login (Lunch Tinder) in 585.1445ms 
2023-06-02 11:28:02.3462|INFO|Microsoft.AspNetCore.Routing.EndpointMiddleware|Executed endpoint 'Lunch_Tinder.Controllers.UserController.Login (Lunch Tinder)' 
2023-06-02 11:28:02.3462|INFO|Microsoft.AspNetCore.Hosting.Diagnostics|Request starting HTTP/2 GET https://localhost:7215/LGU/Index - - 
2023-06-02 11:28:02.3546|INFO|Microsoft.AspNetCore.Hosting.Diagnostics|Request finished HTTP/2 POST https://localhost:7215/ application/x-www-form-urlencoded 248 - 302 0 - 607.4537ms 
2023-06-02 11:28:02.3546|INFO|Microsoft.AspNetCore.Routing.EndpointMiddleware|Executing endpoint 'Lunch_Tinder.Controllers.LGUController.Index (Lunch Tinder)' 
2023-06-02 11:28:02.3546|INFO|Microsoft.AspNetCore.Mvc.Infrastructure.ControllerActionInvoker|Route matched with {action = "Index", controller = "LGU"}. Executing controller action with signature Microsoft.AspNetCore.Mvc.IActionResult Index() on controller Lunch_Tinder.Controllers.LGUController (Lunch Tinder). 
2023-06-02 11:28:02.4002|INFO|Microsoft.EntityFrameworkCore.Database.Command|Executed DbCommand (2ms) [Parameters=[], CommandType='Text', CommandTimeout='30']
SELECT [e].[EventId], [e].[Description], [e].[EndTime], [e].[Name], [e].[StartTime]
FROM [Events] AS [e] 
2023-06-02 11:28:02.4205|INFO|Microsoft.EntityFrameworkCore.Database.Command|Executed DbCommand (2ms) [Parameters=[], CommandType='Text', CommandTimeout='30']
SELECT [l].[GroupId], [l].[Description], [l].[EventsEventId], [l].[GroupName]
FROM [LunchGroups] AS [l] 
2023-06-02 11:28:02.4205|INFO|Microsoft.AspNetCore.Mvc.ViewFeatures.ViewResultExecutor|Executing ViewResult, running view ~/Views/LunchGroupUser/LGUHomePage.cshtml. 
2023-06-02 11:28:02.4514|INFO|Microsoft.AspNetCore.Mvc.ViewFeatures.ViewResultExecutor|Executed ViewResult - view ~/Views/LunchGroupUser/LGUHomePage.cshtml executed in 25.3507ms. 
2023-06-02 11:28:02.4514|INFO|Microsoft.AspNetCore.Mvc.Infrastructure.ControllerActionInvoker|Executed action Lunch_Tinder.Controllers.LGUController.Index (Lunch Tinder) in 93.5929ms 
2023-06-02 11:28:02.4514|INFO|Microsoft.AspNetCore.Routing.EndpointMiddleware|Executed endpoint 'Lunch_Tinder.Controllers.LGUController.Index (Lunch Tinder)' 
2023-06-02 11:28:02.4514|INFO|Microsoft.AspNetCore.Hosting.Diagnostics|Request finished HTTP/2 GET https://localhost:7215/LGU/Index - - - 200 - text/html;+charset=utf-8 104.2545ms 
2023-06-02 11:28:02.4663|INFO|Microsoft.AspNetCore.Hosting.Diagnostics|Request starting HTTP/2 GET https://localhost:7215/_framework/aspnetcore-browser-refresh.js - - 
2023-06-02 11:28:02.4663|INFO|Microsoft.AspNetCore.Hosting.Diagnostics|Request starting HTTP/2 GET https://localhost:7215/js/site.js?v=eCAed3TaY5a-WTFLuxkKlw6n6OtGoxxFxbd-87inDtU - - 
2023-06-02 11:28:02.4663|INFO|Microsoft.AspNetCore.Hosting.Diagnostics|Request finished HTTP/2 GET https://localhost:7215/_framework/aspnetcore-browser-refresh.js - - - 200 11994 application/javascript;+charset=utf-8 0.6396ms 
2023-06-02 11:28:02.4663|INFO|Microsoft.AspNetCore.StaticFiles.StaticFileMiddleware|Sending file. Request path: '/js/site.js'. Physical path: 'C:\Users\ewalsh\source\repos\Lunch Tinder\Lunch Tinder\Lunch Tinder\wwwroot\js\site.js' 
2023-06-02 11:28:02.4663|INFO|Microsoft.AspNetCore.Hosting.Diagnostics|Request finished HTTP/2 GET https://localhost:7215/js/site.js?v=eCAed3TaY5a-WTFLuxkKlw6n6OtGoxxFxbd-87inDtU - - - 200 6624 application/javascript 6.0365ms 
2023-06-02 11:28:02.4806|INFO|Microsoft.AspNetCore.Hosting.Diagnostics|Request starting HTTP/2 GET https://localhost:7215/_vs/browserLink - - 
2023-06-02 11:28:02.4806|INFO|Microsoft.AspNetCore.Hosting.Diagnostics|Request finished HTTP/2 GET https://localhost:7215/_vs/browserLink - - - 200 - text/javascript;+charset=UTF-8 4.0169ms 
2023-06-02 11:28:04.3418|INFO|Microsoft.AspNetCore.Hosting.Diagnostics|Request starting HTTP/2 GET https://localhost:7215/Admin/ManageUser - - 
2023-06-02 11:28:04.3418|INFO|Microsoft.AspNetCore.Routing.EndpointMiddleware|Executing endpoint 'Lunch_Tinder.Controllers.AdminController.ManageUser (Lunch Tinder)' 
2023-06-02 11:28:04.3418|INFO|Microsoft.AspNetCore.Mvc.Infrastructure.ControllerActionInvoker|Route matched with {action = "ManageUser", controller = "Admin"}. Executing controller action with signature Microsoft.AspNetCore.Mvc.IActionResult ManageUser() on controller Lunch_Tinder.Controllers.AdminController (Lunch Tinder). 
2023-06-02 11:28:04.3418|INFO|Microsoft.AspNetCore.Mvc.ViewFeatures.ViewResultExecutor|Executing ViewResult, running view ~/Views/User/ManageUsers.cshtml. 
2023-06-02 11:28:04.3542|INFO|Microsoft.AspNetCore.Mvc.ViewFeatures.ViewResultExecutor|Executed ViewResult - view ~/Views/User/ManageUsers.cshtml executed in 8.1141ms. 
2023-06-02 11:28:04.3542|INFO|Microsoft.AspNetCore.Mvc.Infrastructure.ControllerActionInvoker|Executed action Lunch_Tinder.Controllers.AdminController.ManageUser (Lunch Tinder) in 10.5161ms 
2023-06-02 11:28:04.3542|INFO|Microsoft.AspNetCore.Routing.EndpointMiddleware|Executed endpoint 'Lunch_Tinder.Controllers.AdminController.ManageUser (Lunch Tinder)' 
2023-06-02 11:28:04.3542|INFO|Microsoft.AspNetCore.Hosting.Diagnostics|Request finished HTTP/2 GET https://localhost:7215/Admin/ManageUser - - - 200 - text/html;+charset=utf-8 14.4115ms 
2023-06-02 11:28:04.3542|INFO|Microsoft.AspNetCore.Hosting.Diagnostics|Request starting HTTP/2 GET https://localhost:7215/_framework/aspnetcore-browser-refresh.js - - 
2023-06-02 11:28:04.3542|INFO|Microsoft.AspNetCore.Hosting.Diagnostics|Request starting HTTP/2 GET https://localhost:7215/_vs/browserLink - - 
2023-06-02 11:28:04.3542|INFO|Microsoft.AspNetCore.Hosting.Diagnostics|Request finished HTTP/2 GET https://localhost:7215/_framework/aspnetcore-browser-refresh.js - - - 200 11994 application/javascript;+charset=utf-8 0.4043ms 
2023-06-02 11:28:04.3718|INFO|Microsoft.AspNetCore.Hosting.Diagnostics|Request finished HTTP/2 GET https://localhost:7215/_vs/browserLink - - - 200 - text/javascript;+charset=UTF-8 6.6848ms 
2023-06-02 11:28:06.9002|INFO|Microsoft.AspNetCore.Hosting.Diagnostics|Request starting HTTP/2 POST https://localhost:7215/ManageUsers/SendInvitation application/x-www-form-urlencoded 257 
2023-06-02 11:28:06.9002|INFO|Microsoft.AspNetCore.Routing.EndpointMiddleware|Executing endpoint 'Lunch_Tinder.Controllers.ManageUsersController.SendInvitation (Lunch Tinder)' 
2023-06-02 11:28:06.9002|INFO|Microsoft.AspNetCore.Mvc.Infrastructure.ControllerActionInvoker|Route matched with {action = "SendInvitation", controller = "ManageUsers"}. Executing controller action with signature System.Threading.Tasks.Task`1[Microsoft.AspNetCore.Mvc.IActionResult] SendInvitation(Lunch_Tinder.Models.MailData) on controller Lunch_Tinder.Controllers.ManageUsersController (Lunch Tinder). 
2023-06-02 11:28:06.9334|INFO|Lunch_Tinder.Services.MailService|Initiating method. 
2023-06-02 11:28:08.9496|INFO|Microsoft.AspNetCore.Mvc.ViewFeatures.ViewResultExecutor|Executing ViewResult, running view ~/Views/User/ManageUsers.cshtml. 
2023-06-02 11:28:08.9496|INFO|Microsoft.AspNetCore.Mvc.ViewFeatures.ViewResultExecutor|Executed ViewResult - view ~/Views/User/ManageUsers.cshtml executed in 3.7552ms. 
2023-06-02 11:28:08.9496|INFO|Microsoft.AspNetCore.Mvc.Infrastructure.ControllerActionInvoker|Executed action Lunch_Tinder.Controllers.ManageUsersController.SendInvitation (Lunch Tinder) in 2049.1857ms 
2023-06-02 11:28:08.9496|INFO|Microsoft.AspNetCore.Routing.EndpointMiddleware|Executed endpoint 'Lunch_Tinder.Controllers.ManageUsersController.SendInvitation (Lunch Tinder)' 
2023-06-02 11:28:08.9496|INFO|Microsoft.AspNetCore.Hosting.Diagnostics|Request finished HTTP/2 POST https://localhost:7215/ManageUsers/SendInvitation application/x-www-form-urlencoded 257 - 200 - text/html;+charset=utf-8 2054.3173ms 
2023-06-02 11:28:08.9626|INFO|Microsoft.AspNetCore.Hosting.Diagnostics|Request starting HTTP/2 GET https://localhost:7215/_vs/browserLink - - 
2023-06-02 11:28:08.9626|INFO|Microsoft.AspNetCore.Hosting.Diagnostics|Request starting HTTP/2 GET https://localhost:7215/_framework/aspnetcore-browser-refresh.js - - 
2023-06-02 11:28:08.9626|INFO|Microsoft.AspNetCore.Hosting.Diagnostics|Request finished HTTP/2 GET https://localhost:7215/_framework/aspnetcore-browser-refresh.js - - - 200 11994 application/javascript;+charset=utf-8 0.4437ms 
2023-06-02 11:28:08.9626|INFO|Microsoft.AspNetCore.Hosting.Diagnostics|Request finished HTTP/2 GET https://localhost:7215/_vs/browserLink - - - 200 - text/javascript;+charset=UTF-8 5.2789ms 
2023-06-02 12:06:59.5136|INFO|Microsoft.AspNetCore.DataProtection.KeyManagement.XmlKeyManager|User profile is available. Using 'C:\Users\ewalsh\AppData\Local\ASP.NET\DataProtection-Keys' as key repository and Windows DPAPI to encrypt keys at rest. 
2023-06-02 12:07:03.1431|INFO|Microsoft.EntityFrameworkCore.Database.Command|Executed DbCommand (42ms) [Parameters=[], CommandType='Text', CommandTimeout='30']
SELECT 1 
2023-06-02 12:07:03.2231|INFO|Microsoft.EntityFrameworkCore.Database.Command|Executed DbCommand (47ms) [Parameters=[], CommandType='Text', CommandTimeout='30']
SELECT OBJECT_ID(N'[__EFMigrationsHistory]'); 
2023-06-02 12:07:03.2231|INFO|Microsoft.EntityFrameworkCore.Database.Command|Executed DbCommand (3ms) [Parameters=[], CommandType='Text', CommandTimeout='30']
SELECT 1 
2023-06-02 12:07:03.2231|INFO|Microsoft.EntityFrameworkCore.Database.Command|Executed DbCommand (0ms) [Parameters=[], CommandType='Text', CommandTimeout='30']
SELECT OBJECT_ID(N'[__EFMigrationsHistory]'); 
2023-06-02 12:07:03.2920|INFO|Microsoft.EntityFrameworkCore.Database.Command|Executed DbCommand (5ms) [Parameters=[], CommandType='Text', CommandTimeout='30']
SELECT [MigrationId], [ProductVersion]
FROM [__EFMigrationsHistory]
ORDER BY [MigrationId]; 
2023-06-02 12:07:03.3296|INFO|Microsoft.EntityFrameworkCore.Migrations|No migrations were applied. The database is already up to date. 
2023-06-02 12:07:03.6645|INFO|Microsoft.Hosting.Lifetime|Now listening on: https://localhost:7215 
2023-06-02 12:07:03.6645|INFO|Microsoft.Hosting.Lifetime|Now listening on: http://localhost:5176 
2023-06-02 12:07:03.6645|INFO|Microsoft.Hosting.Lifetime|Application started. Press Ctrl+C to shut down. 
2023-06-02 12:07:03.6645|INFO|Microsoft.Hosting.Lifetime|Hosting environment: Development 
2023-06-02 12:07:03.6645|INFO|Microsoft.Hosting.Lifetime|Content root path: C:\Users\ewalsh\source\repos\Lunch Tinder\Lunch Tinder\Lunch Tinder\ 
2023-06-02 12:07:04.5862|INFO|Microsoft.AspNetCore.Hosting.Diagnostics|Request starting HTTP/2 GET https://localhost:7215/ - - 
2023-06-02 12:07:04.7448|INFO|Microsoft.AspNetCore.Authentication.Cookies.CookieAuthenticationHandler|Cookies was not authenticated. Failure message: Ticket expired 
2023-06-02 12:07:04.7448|INFO|Microsoft.AspNetCore.Routing.EndpointMiddleware|Executing endpoint 'Lunch_Tinder.Controllers.UserController.Login (Lunch Tinder)' 
2023-06-02 12:07:04.7675|INFO|Microsoft.AspNetCore.Mvc.Infrastructure.ControllerActionInvoker|Route matched with {action = "Login", controller = "User"}. Executing controller action with signature Microsoft.AspNetCore.Mvc.ActionResult Login() on controller Lunch_Tinder.Controllers.UserController (Lunch Tinder). 
2023-06-02 12:07:04.7881|INFO|Microsoft.AspNetCore.Mvc.ViewFeatures.ViewResultExecutor|Executing ViewResult, running view Login. 
2023-06-02 12:07:05.0486|INFO|Microsoft.AspNetCore.Mvc.ViewFeatures.ViewResultExecutor|Executed ViewResult - view Login executed in 263.4903ms. 
2023-06-02 12:07:05.0486|INFO|Microsoft.AspNetCore.Mvc.Infrastructure.ControllerActionInvoker|Executed action Lunch_Tinder.Controllers.UserController.Login (Lunch Tinder) in 288.1121ms 
2023-06-02 12:07:05.0486|INFO|Microsoft.AspNetCore.Routing.EndpointMiddleware|Executed endpoint 'Lunch_Tinder.Controllers.UserController.Login (Lunch Tinder)' 
2023-06-02 12:07:05.1356|INFO|Microsoft.AspNetCore.Hosting.Diagnostics|Request starting HTTP/2 GET https://localhost:7215/_framework/aspnetcore-browser-refresh.js - - 
2023-06-02 12:07:05.1404|INFO|Microsoft.AspNetCore.Hosting.Diagnostics|Request finished HTTP/2 GET https://localhost:7215/ - - - 200 - text/html;+charset=utf-8 557.8913ms 
2023-06-02 12:07:05.1404|INFO|Microsoft.AspNetCore.Hosting.Diagnostics|Request finished HTTP/2 GET https://localhost:7215/_framework/aspnetcore-browser-refresh.js - - - 200 11994 application/javascript;+charset=utf-8 6.9443ms 
2023-06-02 12:07:05.1404|INFO|Microsoft.AspNetCore.Hosting.Diagnostics|Request starting HTTP/2 GET https://localhost:7215/_vs/browserLink - - 
2023-06-02 12:07:05.1774|INFO|Microsoft.AspNetCore.Hosting.Diagnostics|Request finished HTTP/2 GET https://localhost:7215/_vs/browserLink - - - 200 - text/javascript;+charset=UTF-8 23.2420ms 
2023-06-02 12:21:12.3649|INFO|Microsoft.AspNetCore.DataProtection.KeyManagement.XmlKeyManager|User profile is available. Using 'C:\Users\ewalsh\AppData\Local\ASP.NET\DataProtection-Keys' as key repository and Windows DPAPI to encrypt keys at rest. 
2023-06-02 12:21:15.9681|INFO|Microsoft.EntityFrameworkCore.Database.Command|Executed DbCommand (37ms) [Parameters=[], CommandType='Text', CommandTimeout='30']
SELECT 1 
2023-06-02 12:21:16.0221|INFO|Microsoft.EntityFrameworkCore.Database.Command|Executed DbCommand (28ms) [Parameters=[], CommandType='Text', CommandTimeout='30']
SELECT OBJECT_ID(N'[__EFMigrationsHistory]'); 
2023-06-02 12:21:16.0221|INFO|Microsoft.EntityFrameworkCore.Database.Command|Executed DbCommand (1ms) [Parameters=[], CommandType='Text', CommandTimeout='30']
SELECT 1 
2023-06-02 12:21:16.0221|INFO|Microsoft.EntityFrameworkCore.Database.Command|Executed DbCommand (0ms) [Parameters=[], CommandType='Text', CommandTimeout='30']
SELECT OBJECT_ID(N'[__EFMigrationsHistory]'); 
2023-06-02 12:21:16.0577|INFO|Microsoft.EntityFrameworkCore.Database.Command|Executed DbCommand (3ms) [Parameters=[], CommandType='Text', CommandTimeout='30']
SELECT [MigrationId], [ProductVersion]
FROM [__EFMigrationsHistory]
ORDER BY [MigrationId]; 
2023-06-02 12:21:16.0809|INFO|Microsoft.EntityFrameworkCore.Migrations|No migrations were applied. The database is already up to date. 
2023-06-02 12:21:16.2854|INFO|Microsoft.Hosting.Lifetime|Now listening on: https://localhost:7215 
2023-06-02 12:21:16.2854|INFO|Microsoft.Hosting.Lifetime|Now listening on: http://localhost:5176 
2023-06-02 12:21:16.2854|INFO|Microsoft.Hosting.Lifetime|Application started. Press Ctrl+C to shut down. 
2023-06-02 12:21:16.2854|INFO|Microsoft.Hosting.Lifetime|Hosting environment: Development 
2023-06-02 12:21:16.2854|INFO|Microsoft.Hosting.Lifetime|Content root path: C:\Users\ewalsh\source\repos\Lunch Tinder\Lunch Tinder\Lunch Tinder\ 
2023-06-02 12:21:17.0782|INFO|Microsoft.AspNetCore.Hosting.Diagnostics|Request starting HTTP/2 GET https://localhost:7215/ - - 
2023-06-02 12:21:17.1944|INFO|Microsoft.AspNetCore.Authentication.Cookies.CookieAuthenticationHandler|Cookies was not authenticated. Failure message: Ticket expired 
2023-06-02 12:21:17.1944|INFO|Microsoft.AspNetCore.Routing.EndpointMiddleware|Executing endpoint 'Lunch_Tinder.Controllers.UserController.Login (Lunch Tinder)' 
2023-06-02 12:21:17.2106|INFO|Microsoft.AspNetCore.Mvc.Infrastructure.ControllerActionInvoker|Route matched with {action = "Login", controller = "User"}. Executing controller action with signature Microsoft.AspNetCore.Mvc.ActionResult Login() on controller Lunch_Tinder.Controllers.UserController (Lunch Tinder). 
2023-06-02 12:21:17.2238|INFO|Microsoft.AspNetCore.Mvc.ViewFeatures.ViewResultExecutor|Executing ViewResult, running view Login. 
2023-06-02 12:21:17.4075|INFO|Microsoft.AspNetCore.Mvc.ViewFeatures.ViewResultExecutor|Executed ViewResult - view Login executed in 185.5245ms. 
2023-06-02 12:21:17.4075|INFO|Microsoft.AspNetCore.Mvc.Infrastructure.ControllerActionInvoker|Executed action Lunch_Tinder.Controllers.UserController.Login (Lunch Tinder) in 202.8163ms 
2023-06-02 12:21:17.4075|INFO|Microsoft.AspNetCore.Routing.EndpointMiddleware|Executed endpoint 'Lunch_Tinder.Controllers.UserController.Login (Lunch Tinder)' 
2023-06-02 12:21:17.4631|INFO|Microsoft.AspNetCore.Hosting.Diagnostics|Request starting HTTP/2 GET https://localhost:7215/_framework/aspnetcore-browser-refresh.js - - 
2023-06-02 12:21:17.4690|INFO|Microsoft.AspNetCore.Hosting.Diagnostics|Request finished HTTP/2 GET https://localhost:7215/_framework/aspnetcore-browser-refresh.js - - - 200 11994 application/javascript;+charset=utf-8 5.4598ms 
2023-06-02 12:21:17.4690|INFO|Microsoft.AspNetCore.Hosting.Diagnostics|Request finished HTTP/2 GET https://localhost:7215/ - - - 200 - text/html;+charset=utf-8 394.4479ms 
2023-06-02 12:21:17.4690|INFO|Microsoft.AspNetCore.Hosting.Diagnostics|Request starting HTTP/2 GET https://localhost:7215/_vs/browserLink - - 
2023-06-02 12:21:17.4981|INFO|Microsoft.AspNetCore.Hosting.Diagnostics|Request finished HTTP/2 GET https://localhost:7215/_vs/browserLink - - - 200 - text/javascript;+charset=UTF-8 18.6356ms 
2023-06-02 12:21:28.3094|INFO|Microsoft.AspNetCore.Hosting.Diagnostics|Request starting HTTP/2 POST https://localhost:7215/ application/x-www-form-urlencoded 248 
2023-06-02 12:21:28.3107|INFO|Microsoft.AspNetCore.Authentication.Cookies.CookieAuthenticationHandler|Cookies was not authenticated. Failure message: Ticket expired 
2023-06-02 12:21:28.3107|INFO|Microsoft.AspNetCore.Routing.EndpointMiddleware|Executing endpoint 'Lunch_Tinder.Controllers.UserController.Login (Lunch Tinder)' 
2023-06-02 12:21:28.3107|INFO|Microsoft.AspNetCore.Mvc.Infrastructure.ControllerActionInvoker|Route matched with {action = "Login", controller = "User"}. Executing controller action with signature System.Threading.Tasks.Task`1[Microsoft.AspNetCore.Mvc.IActionResult] Login(Lunch_Tinder.ViewModels.VMLogin) on controller Lunch_Tinder.Controllers.UserController (Lunch Tinder). 
2023-06-02 12:21:28.5830|INFO|Microsoft.EntityFrameworkCore.Database.Command|Executed DbCommand (4ms) [Parameters=[], CommandType='Text', CommandTimeout='30']
SELECT [u].[UserId], [u].[EmailAddress], [u].[LunchGroupsGroupId], [u].[Password], [u].[UserName], [u].[UserType]
FROM [Users] AS [u] 
2023-06-02 12:21:28.7603|INFO|Microsoft.EntityFrameworkCore.Database.Command|Executed DbCommand (0ms) [Parameters=[], CommandType='Text', CommandTimeout='30']
SELECT [u].[UserId], [u].[EmailAddress], [u].[LunchGroupsGroupId], [u].[Password], [u].[UserName], [u].[UserType]
FROM [Users] AS [u] 
2023-06-02 12:21:28.8992|INFO|Microsoft.AspNetCore.Authentication.Cookies.CookieAuthenticationHandler|AuthenticationScheme: Cookies signed in. 
2023-06-02 12:21:28.8992|INFO|Microsoft.AspNetCore.Mvc.RedirectToActionResult|Executing RedirectResult, redirecting to /LGU/Index. 
2023-06-02 12:21:28.8992|INFO|Microsoft.AspNetCore.Mvc.Infrastructure.ControllerActionInvoker|Executed action Lunch_Tinder.Controllers.UserController.Login (Lunch Tinder) in 576.6938ms 
2023-06-02 12:21:28.8992|INFO|Microsoft.AspNetCore.Routing.EndpointMiddleware|Executed endpoint 'Lunch_Tinder.Controllers.UserController.Login (Lunch Tinder)' 
2023-06-02 12:21:28.8992|INFO|Microsoft.AspNetCore.Hosting.Diagnostics|Request starting HTTP/2 GET https://localhost:7215/LGU/Index - - 
2023-06-02 12:21:28.9080|INFO|Microsoft.AspNetCore.Hosting.Diagnostics|Request finished HTTP/2 POST https://localhost:7215/ application/x-www-form-urlencoded 248 - 302 0 - 598.6365ms 
2023-06-02 12:21:28.9080|INFO|Microsoft.AspNetCore.Routing.EndpointMiddleware|Executing endpoint 'Lunch_Tinder.Controllers.LGUController.Index (Lunch Tinder)' 
2023-06-02 12:21:28.9080|INFO|Microsoft.AspNetCore.Mvc.Infrastructure.ControllerActionInvoker|Route matched with {action = "Index", controller = "LGU"}. Executing controller action with signature Microsoft.AspNetCore.Mvc.IActionResult Index() on controller Lunch_Tinder.Controllers.LGUController (Lunch Tinder). 
2023-06-02 12:21:28.9558|INFO|Microsoft.EntityFrameworkCore.Database.Command|Executed DbCommand (2ms) [Parameters=[], CommandType='Text', CommandTimeout='30']
SELECT [e].[EventId], [e].[Description], [e].[EndTime], [e].[Name], [e].[StartTime]
FROM [Events] AS [e] 
2023-06-02 12:21:28.9757|INFO|Microsoft.EntityFrameworkCore.Database.Command|Executed DbCommand (1ms) [Parameters=[], CommandType='Text', CommandTimeout='30']
SELECT [l].[GroupId], [l].[Description], [l].[EventsEventId], [l].[GroupName]
FROM [LunchGroups] AS [l] 
2023-06-02 12:21:28.9757|INFO|Microsoft.AspNetCore.Mvc.ViewFeatures.ViewResultExecutor|Executing ViewResult, running view ~/Views/LunchGroupUser/LGUHomePage.cshtml. 
2023-06-02 12:21:29.0087|INFO|Microsoft.AspNetCore.Mvc.ViewFeatures.ViewResultExecutor|Executed ViewResult - view ~/Views/LunchGroupUser/LGUHomePage.cshtml executed in 27.4291ms. 
2023-06-02 12:21:29.0087|INFO|Microsoft.AspNetCore.Mvc.Infrastructure.ControllerActionInvoker|Executed action Lunch_Tinder.Controllers.LGUController.Index (Lunch Tinder) in 96.0778ms 
2023-06-02 12:21:29.0087|INFO|Microsoft.AspNetCore.Routing.EndpointMiddleware|Executed endpoint 'Lunch_Tinder.Controllers.LGUController.Index (Lunch Tinder)' 
2023-06-02 12:21:29.0087|INFO|Microsoft.AspNetCore.Hosting.Diagnostics|Request finished HTTP/2 GET https://localhost:7215/LGU/Index - - - 200 - text/html;+charset=utf-8 107.3190ms 
2023-06-02 12:21:29.0221|INFO|Microsoft.AspNetCore.Hosting.Diagnostics|Request starting HTTP/2 GET https://localhost:7215/_framework/aspnetcore-browser-refresh.js - - 
2023-06-02 12:21:29.0221|INFO|Microsoft.AspNetCore.Hosting.Diagnostics|Request finished HTTP/2 GET https://localhost:7215/_framework/aspnetcore-browser-refresh.js - - - 200 11994 application/javascript;+charset=utf-8 0.3725ms 
2023-06-02 12:21:29.0221|INFO|Microsoft.AspNetCore.Hosting.Diagnostics|Request starting HTTP/2 GET https://localhost:7215/js/site.js?v=eCAed3TaY5a-WTFLuxkKlw6n6OtGoxxFxbd-87inDtU - - 
2023-06-02 12:21:29.0316|INFO|Microsoft.AspNetCore.StaticFiles.StaticFileMiddleware|The file /js/site.js was not modified 
2023-06-02 12:21:29.0316|INFO|Microsoft.AspNetCore.Hosting.Diagnostics|Request finished HTTP/2 GET https://localhost:7215/js/site.js?v=eCAed3TaY5a-WTFLuxkKlw6n6OtGoxxFxbd-87inDtU - - - 304 - application/javascript 7.8292ms 
2023-06-02 12:21:29.0316|INFO|Microsoft.AspNetCore.Hosting.Diagnostics|Request starting HTTP/2 GET https://localhost:7215/_vs/browserLink - - 
2023-06-02 12:21:29.0316|INFO|Microsoft.AspNetCore.Hosting.Diagnostics|Request finished HTTP/2 GET https://localhost:7215/_vs/browserLink - - - 200 - text/javascript;+charset=UTF-8 4.1183ms 
2023-06-02 12:21:31.0581|INFO|Microsoft.AspNetCore.Hosting.Diagnostics|Request starting HTTP/2 GET https://localhost:7215/Admin/ManageUser - - 
2023-06-02 12:21:31.0581|INFO|Microsoft.AspNetCore.Routing.EndpointMiddleware|Executing endpoint 'Lunch_Tinder.Controllers.AdminController.ManageUser (Lunch Tinder)' 
2023-06-02 12:21:31.0606|INFO|Microsoft.AspNetCore.Mvc.Infrastructure.ControllerActionInvoker|Route matched with {action = "ManageUser", controller = "Admin"}. Executing controller action with signature Microsoft.AspNetCore.Mvc.IActionResult ManageUser() on controller Lunch_Tinder.Controllers.AdminController (Lunch Tinder). 
2023-06-02 12:21:31.0606|INFO|Microsoft.AspNetCore.Mvc.ViewFeatures.ViewResultExecutor|Executing ViewResult, running view ~/Views/User/ManageUsers.cshtml. 
2023-06-02 12:21:31.0606|INFO|Microsoft.AspNetCore.Mvc.ViewFeatures.ViewResultExecutor|Executed ViewResult - view ~/Views/User/ManageUsers.cshtml executed in 9.8956ms. 
2023-06-02 12:21:31.0606|INFO|Microsoft.AspNetCore.Mvc.Infrastructure.ControllerActionInvoker|Executed action Lunch_Tinder.Controllers.AdminController.ManageUser (Lunch Tinder) in 12.2516ms 
2023-06-02 12:21:31.0606|INFO|Microsoft.AspNetCore.Routing.EndpointMiddleware|Executed endpoint 'Lunch_Tinder.Controllers.AdminController.ManageUser (Lunch Tinder)' 
2023-06-02 12:21:31.0606|INFO|Microsoft.AspNetCore.Hosting.Diagnostics|Request finished HTTP/2 GET https://localhost:7215/Admin/ManageUser - - - 200 - text/html;+charset=utf-8 15.7591ms 
2023-06-02 12:21:31.0818|INFO|Microsoft.AspNetCore.Hosting.Diagnostics|Request starting HTTP/2 GET https://localhost:7215/_framework/aspnetcore-browser-refresh.js - - 
2023-06-02 12:21:31.0818|INFO|Microsoft.AspNetCore.Hosting.Diagnostics|Request starting HTTP/2 GET https://localhost:7215/_vs/browserLink - - 
2023-06-02 12:21:31.0818|INFO|Microsoft.AspNetCore.Hosting.Diagnostics|Request finished HTTP/2 GET https://localhost:7215/_framework/aspnetcore-browser-refresh.js - - - 200 11994 application/javascript;+charset=utf-8 0.2545ms 
2023-06-02 12:21:31.0818|INFO|Microsoft.AspNetCore.Hosting.Diagnostics|Request finished HTTP/2 GET https://localhost:7215/_vs/browserLink - - - 200 - text/javascript;+charset=UTF-8 6.7283ms 
2023-06-02 12:21:33.0776|INFO|Microsoft.AspNetCore.Hosting.Diagnostics|Request starting HTTP/2 POST https://localhost:7215/ManageUsers/SendInvitation application/x-www-form-urlencoded 256 
2023-06-02 12:21:33.0776|INFO|Microsoft.AspNetCore.Routing.EndpointMiddleware|Executing endpoint 'Lunch_Tinder.Controllers.ManageUsersController.SendInvitation (Lunch Tinder)' 
2023-06-02 12:21:33.0776|INFO|Microsoft.AspNetCore.Mvc.Infrastructure.ControllerActionInvoker|Route matched with {action = "SendInvitation", controller = "ManageUsers"}. Executing controller action with signature System.Threading.Tasks.Task`1[Microsoft.AspNetCore.Mvc.IActionResult] SendInvitation(Lunch_Tinder.Models.MailData) on controller Lunch_Tinder.Controllers.ManageUsersController (Lunch Tinder). 
2023-06-02 12:21:33.1122|INFO|Lunch_Tinder.Services.MailService|Initiating method. 
2023-06-02 12:21:35.0581|INFO|Microsoft.AspNetCore.Mvc.ViewFeatures.ViewResultExecutor|Executing ViewResult, running view ~/Views/User/ManageUsers.cshtml. 
2023-06-02 12:21:35.0640|INFO|Microsoft.AspNetCore.Mvc.ViewFeatures.ViewResultExecutor|Executed ViewResult - view ~/Views/User/ManageUsers.cshtml executed in 6.014ms. 
2023-06-02 12:21:35.0640|INFO|Microsoft.AspNetCore.Mvc.Infrastructure.ControllerActionInvoker|Executed action Lunch_Tinder.Controllers.ManageUsersController.SendInvitation (Lunch Tinder) in 1981.0942ms 
2023-06-02 12:21:35.0640|INFO|Microsoft.AspNetCore.Routing.EndpointMiddleware|Executed endpoint 'Lunch_Tinder.Controllers.ManageUsersController.SendInvitation (Lunch Tinder)' 
2023-06-02 12:21:35.0640|INFO|Microsoft.AspNetCore.Hosting.Diagnostics|Request finished HTTP/2 POST https://localhost:7215/ManageUsers/SendInvitation application/x-www-form-urlencoded 256 - 200 - text/html;+charset=utf-8 1987.6413ms 
2023-06-02 12:21:35.0640|INFO|Microsoft.AspNetCore.Hosting.Diagnostics|Request starting HTTP/2 GET https://localhost:7215/_framework/aspnetcore-browser-refresh.js - - 
2023-06-02 12:21:35.0640|INFO|Microsoft.AspNetCore.Hosting.Diagnostics|Request starting HTTP/2 GET https://localhost:7215/_vs/browserLink - - 
2023-06-02 12:21:35.0640|INFO|Microsoft.AspNetCore.Hosting.Diagnostics|Request finished HTTP/2 GET https://localhost:7215/_framework/aspnetcore-browser-refresh.js - - - 200 11994 application/javascript;+charset=utf-8 0.3567ms 
2023-06-02 12:21:35.0768|INFO|Microsoft.AspNetCore.Hosting.Diagnostics|Request finished HTTP/2 GET https://localhost:7215/_vs/browserLink - - - 200 - text/javascript;+charset=UTF-8 3.8571ms 
2023-06-02 12:23:23.1924|INFO|Microsoft.AspNetCore.DataProtection.KeyManagement.XmlKeyManager|User profile is available. Using 'C:\Users\ewalsh\AppData\Local\ASP.NET\DataProtection-Keys' as key repository and Windows DPAPI to encrypt keys at rest. 
2023-06-02 12:23:24.9732|INFO|Microsoft.EntityFrameworkCore.Database.Command|Executed DbCommand (29ms) [Parameters=[], CommandType='Text', CommandTimeout='30']
SELECT 1 
2023-06-02 12:23:25.0126|INFO|Microsoft.EntityFrameworkCore.Database.Command|Executed DbCommand (20ms) [Parameters=[], CommandType='Text', CommandTimeout='30']
SELECT OBJECT_ID(N'[__EFMigrationsHistory]'); 
2023-06-02 12:23:25.0152|INFO|Microsoft.EntityFrameworkCore.Database.Command|Executed DbCommand (1ms) [Parameters=[], CommandType='Text', CommandTimeout='30']
SELECT 1 
2023-06-02 12:23:25.0152|INFO|Microsoft.EntityFrameworkCore.Database.Command|Executed DbCommand (0ms) [Parameters=[], CommandType='Text', CommandTimeout='30']
SELECT OBJECT_ID(N'[__EFMigrationsHistory]'); 
2023-06-02 12:23:25.0395|INFO|Microsoft.EntityFrameworkCore.Database.Command|Executed DbCommand (3ms) [Parameters=[], CommandType='Text', CommandTimeout='30']
SELECT [MigrationId], [ProductVersion]
FROM [__EFMigrationsHistory]
ORDER BY [MigrationId]; 
2023-06-02 12:23:25.0589|INFO|Microsoft.EntityFrameworkCore.Migrations|No migrations were applied. The database is already up to date. 
2023-06-02 12:23:25.2207|INFO|Microsoft.Hosting.Lifetime|Now listening on: https://localhost:7215 
2023-06-02 12:23:25.2207|INFO|Microsoft.Hosting.Lifetime|Now listening on: http://localhost:5176 
2023-06-02 12:23:25.2207|INFO|Microsoft.Hosting.Lifetime|Application started. Press Ctrl+C to shut down. 
2023-06-02 12:23:25.2207|INFO|Microsoft.Hosting.Lifetime|Hosting environment: Development 
2023-06-02 12:23:25.2207|INFO|Microsoft.Hosting.Lifetime|Content root path: C:\Users\ewalsh\source\repos\Lunch Tinder\Lunch Tinder\Lunch Tinder\ 
2023-06-02 12:23:25.8526|INFO|Microsoft.AspNetCore.Hosting.Diagnostics|Request starting HTTP/2 GET https://localhost:7215/ - - 
2023-06-02 12:23:25.9534|INFO|Microsoft.AspNetCore.Routing.EndpointMiddleware|Executing endpoint 'Lunch_Tinder.Controllers.UserController.Login (Lunch Tinder)' 
2023-06-02 12:23:25.9534|INFO|Microsoft.AspNetCore.Mvc.Infrastructure.ControllerActionInvoker|Route matched with {action = "Login", controller = "User"}. Executing controller action with signature Microsoft.AspNetCore.Mvc.ActionResult Login() on controller Lunch_Tinder.Controllers.UserController (Lunch Tinder). 
2023-06-02 12:23:25.9900|INFO|Microsoft.AspNetCore.Mvc.RedirectToActionResult|Executing RedirectResult, redirecting to /LGU/Index. 
2023-06-02 12:23:25.9900|INFO|Microsoft.AspNetCore.Mvc.Infrastructure.ControllerActionInvoker|Executed action Lunch_Tinder.Controllers.UserController.Login (Lunch Tinder) in 25.751ms 
2023-06-02 12:23:25.9900|INFO|Microsoft.AspNetCore.Routing.EndpointMiddleware|Executed endpoint 'Lunch_Tinder.Controllers.UserController.Login (Lunch Tinder)' 
2023-06-02 12:23:26.0163|INFO|Microsoft.AspNetCore.Hosting.Diagnostics|Request starting HTTP/2 GET https://localhost:7215/LGU/Index - - 
2023-06-02 12:23:26.0163|INFO|Microsoft.AspNetCore.Hosting.Diagnostics|Request finished HTTP/2 GET https://localhost:7215/ - - - 302 0 - 166.6573ms 
2023-06-02 12:23:26.0294|INFO|Microsoft.AspNetCore.Routing.EndpointMiddleware|Executing endpoint 'Lunch_Tinder.Controllers.LGUController.Index (Lunch Tinder)' 
2023-06-02 12:23:26.0294|INFO|Microsoft.AspNetCore.Mvc.Infrastructure.ControllerActionInvoker|Route matched with {action = "Index", controller = "LGU"}. Executing controller action with signature Microsoft.AspNetCore.Mvc.IActionResult Index() on controller Lunch_Tinder.Controllers.LGUController (Lunch Tinder). 
2023-06-02 12:23:26.2757|INFO|Microsoft.EntityFrameworkCore.Database.Command|Executed DbCommand (3ms) [Parameters=[], CommandType='Text', CommandTimeout='30']
SELECT [e].[EventId], [e].[Description], [e].[EndTime], [e].[Name], [e].[StartTime]
FROM [Events] AS [e] 
2023-06-02 12:23:26.3200|INFO|Microsoft.EntityFrameworkCore.Database.Command|Executed DbCommand (1ms) [Parameters=[], CommandType='Text', CommandTimeout='30']
SELECT [l].[GroupId], [l].[Description], [l].[EventsEventId], [l].[GroupName]
FROM [LunchGroups] AS [l] 
2023-06-02 12:23:26.3400|INFO|Microsoft.AspNetCore.Mvc.ViewFeatures.ViewResultExecutor|Executing ViewResult, running view ~/Views/LunchGroupUser/LGUHomePage.cshtml. 
2023-06-02 12:23:26.4770|INFO|Microsoft.AspNetCore.Mvc.ViewFeatures.ViewResultExecutor|Executed ViewResult - view ~/Views/LunchGroupUser/LGUHomePage.cshtml executed in 141.7237ms. 
2023-06-02 12:23:26.4770|INFO|Microsoft.AspNetCore.Mvc.Infrastructure.ControllerActionInvoker|Executed action Lunch_Tinder.Controllers.LGUController.Index (Lunch Tinder) in 450.5229ms 
2023-06-02 12:23:26.4820|INFO|Microsoft.AspNetCore.Routing.EndpointMiddleware|Executed endpoint 'Lunch_Tinder.Controllers.LGUController.Index (Lunch Tinder)' 
2023-06-02 12:23:26.5152|INFO|Microsoft.AspNetCore.Hosting.Diagnostics|Request finished HTTP/2 GET https://localhost:7215/LGU/Index - - - 200 - text/html;+charset=utf-8 498.9223ms 
2023-06-02 12:23:26.5152|INFO|Microsoft.AspNetCore.Hosting.Diagnostics|Request starting HTTP/2 GET https://localhost:7215/_framework/aspnetcore-browser-refresh.js - - 
2023-06-02 12:23:26.5152|INFO|Microsoft.AspNetCore.Hosting.Diagnostics|Request finished HTTP/2 GET https://localhost:7215/_framework/aspnetcore-browser-refresh.js - - - 200 11994 application/javascript;+charset=utf-8 3.9919ms 
2023-06-02 12:23:26.5309|INFO|Microsoft.AspNetCore.Hosting.Diagnostics|Request starting HTTP/2 GET https://localhost:7215/_vs/browserLink - - 
2023-06-02 12:23:26.5309|INFO|Microsoft.AspNetCore.Hosting.Diagnostics|Request finished HTTP/2 GET https://localhost:7215/_vs/browserLink - - - 200 - text/javascript;+charset=UTF-8 13.8963ms 
2023-06-02 12:23:28.6057|INFO|Microsoft.AspNetCore.Hosting.Diagnostics|Request starting HTTP/2 GET https://localhost:7215/Admin/ManageUser - - 
2023-06-02 12:23:28.6090|INFO|Microsoft.AspNetCore.Routing.EndpointMiddleware|Executing endpoint 'Lunch_Tinder.Controllers.AdminController.ManageUser (Lunch Tinder)' 
2023-06-02 12:23:28.6090|INFO|Microsoft.AspNetCore.Mvc.Infrastructure.ControllerActionInvoker|Route matched with {action = "ManageUser", controller = "Admin"}. Executing controller action with signature Microsoft.AspNetCore.Mvc.IActionResult ManageUser() on controller Lunch_Tinder.Controllers.AdminController (Lunch Tinder). 
2023-06-02 12:23:28.6090|INFO|Microsoft.AspNetCore.Mvc.ViewFeatures.ViewResultExecutor|Executing ViewResult, running view ~/Views/User/ManageUsers.cshtml. 
2023-06-02 12:23:28.6230|INFO|Microsoft.AspNetCore.Mvc.ViewFeatures.ViewResultExecutor|Executed ViewResult - view ~/Views/User/ManageUsers.cshtml executed in 12.9188ms. 
2023-06-02 12:23:28.6230|INFO|Microsoft.AspNetCore.Mvc.Infrastructure.ControllerActionInvoker|Executed action Lunch_Tinder.Controllers.AdminController.ManageUser (Lunch Tinder) in 16.7166ms 
2023-06-02 12:23:28.6230|INFO|Microsoft.AspNetCore.Routing.EndpointMiddleware|Executed endpoint 'Lunch_Tinder.Controllers.AdminController.ManageUser (Lunch Tinder)' 
2023-06-02 12:23:28.6230|INFO|Microsoft.AspNetCore.Hosting.Diagnostics|Request finished HTTP/2 GET https://localhost:7215/Admin/ManageUser - - - 200 - text/html;+charset=utf-8 21.7390ms 
2023-06-02 12:23:28.6230|INFO|Microsoft.AspNetCore.Hosting.Diagnostics|Request starting HTTP/2 GET https://localhost:7215/_framework/aspnetcore-browser-refresh.js - - 
2023-06-02 12:23:28.6230|INFO|Microsoft.AspNetCore.Hosting.Diagnostics|Request starting HTTP/2 GET https://localhost:7215/_vs/browserLink - - 
2023-06-02 12:23:28.6230|INFO|Microsoft.AspNetCore.Hosting.Diagnostics|Request finished HTTP/2 GET https://localhost:7215/_framework/aspnetcore-browser-refresh.js - - - 200 11994 application/javascript;+charset=utf-8 0.4501ms 
2023-06-02 12:23:28.6421|INFO|Microsoft.AspNetCore.Hosting.Diagnostics|Request finished HTTP/2 GET https://localhost:7215/_vs/browserLink - - - 200 - text/javascript;+charset=UTF-8 6.2417ms 
2023-06-02 12:23:40.5817|INFO|Microsoft.AspNetCore.Hosting.Diagnostics|Request starting HTTP/2 POST https://localhost:7215/ManageUsers/SendInvitation application/x-www-form-urlencoded 256 
2023-06-02 12:23:40.5817|INFO|Microsoft.AspNetCore.Routing.EndpointMiddleware|Executing endpoint 'Lunch_Tinder.Controllers.ManageUsersController.SendInvitation (Lunch Tinder)' 
2023-06-02 12:23:40.5953|INFO|Microsoft.AspNetCore.Mvc.Infrastructure.ControllerActionInvoker|Route matched with {action = "SendInvitation", controller = "ManageUsers"}. Executing controller action with signature System.Threading.Tasks.Task`1[Microsoft.AspNetCore.Mvc.IActionResult] SendInvitation(Lunch_Tinder.Models.MailData) on controller Lunch_Tinder.Controllers.ManageUsersController (Lunch Tinder). 
2023-06-02 12:23:40.6444|INFO|Lunch_Tinder.Services.MailService|Initiating method. 
2023-06-02 12:23:46.7708|INFO|Microsoft.AspNetCore.Mvc.ViewFeatures.ViewResultExecutor|Executing ViewResult, running view ~/Views/User/ManageUsers.cshtml. 
2023-06-02 12:23:46.7708|INFO|Microsoft.AspNetCore.Mvc.ViewFeatures.ViewResultExecutor|Executed ViewResult - view ~/Views/User/ManageUsers.cshtml executed in 3.4102ms. 
2023-06-02 12:23:46.7708|INFO|Microsoft.AspNetCore.Mvc.Infrastructure.ControllerActionInvoker|Executed action Lunch_Tinder.Controllers.ManageUsersController.SendInvitation (Lunch Tinder) in 6179.0927ms 
2023-06-02 12:23:46.7708|INFO|Microsoft.AspNetCore.Routing.EndpointMiddleware|Executed endpoint 'Lunch_Tinder.Controllers.ManageUsersController.SendInvitation (Lunch Tinder)' 
2023-06-02 12:23:46.7708|INFO|Microsoft.AspNetCore.Hosting.Diagnostics|Request finished HTTP/2 POST https://localhost:7215/ManageUsers/SendInvitation application/x-www-form-urlencoded 256 - 200 - text/html;+charset=utf-8 6196.3930ms 
2023-06-02 12:23:46.7824|INFO|Microsoft.AspNetCore.Hosting.Diagnostics|Request starting HTTP/2 GET https://localhost:7215/_framework/aspnetcore-browser-refresh.js - - 
2023-06-02 12:23:46.7824|INFO|Microsoft.AspNetCore.Hosting.Diagnostics|Request starting HTTP/2 GET https://localhost:7215/_vs/browserLink - - 
2023-06-02 12:23:46.7824|INFO|Microsoft.AspNetCore.Hosting.Diagnostics|Request finished HTTP/2 GET https://localhost:7215/_framework/aspnetcore-browser-refresh.js - - - 200 11994 application/javascript;+charset=utf-8 0.3776ms 
2023-06-02 12:23:46.7824|INFO|Microsoft.AspNetCore.Hosting.Diagnostics|Request finished HTTP/2 GET https://localhost:7215/_vs/browserLink - - - 200 - text/javascript;+charset=UTF-8 3.4447ms 
